<?xml version="1.0" encoding="UTF-8"?>
<coverage generated="1740479489751" clover="3.2.0">
  <project timestamp="1740479489751" name="All files">
    <metrics statements="13" coveredstatements="3" conditionals="4" coveredconditionals="0" methods="5" coveredmethods="1" elements="22" coveredelements="4" complexity="0" loc="13" ncloc="13" packages="1" files="1" classes="1"/>
    <file name="cookie.js" path="F:\projet o'clock\Projet-Cine-Delices\api\lib\cookie.js">
      <metrics statements="13" coveredstatements="3" conditionals="4" coveredconditionals="0" methods="5" coveredmethods="1"/>
      <line num="9" count="0" type="stmt"/>
      <line num="10" count="0" type="stmt"/>
      <line num="12" count="0" type="stmt"/>
      <line num="28" count="1" type="stmt"/>
      <line num="29" count="1" type="stmt"/>
      <line num="31" count="1" type="stmt"/>
      <line num="41" count="0" type="stmt"/>
      <line num="43" count="0" type="stmt"/>
      <line num="45" count="0" type="stmt"/>
      <line num="61" count="0" type="cond" truecount="0" falsecount="4"/>
      <line num="63" count="0" type="stmt"/>
      <line num="65" count="0" type="stmt"/>
      <line num="73" count="0" type="stmt"/>
    </file>
  </project>
</coverage>
