{"F:\\projet o'clock\\Projet-Cine-Delices\\api\\lib\\cookie.js": {"path":"F:\\projet o'clock\\Projet-Cine-Delices\\api\\lib\\cookie.js","statementMap":{"0":{"start":{"line":9,"column":17},"end":{"line":9,"column":54}},"1":{"start":{"line":10,"column":2},"end":{"line":10,"column":44}},"2":{"start":{"line":12,"column":2},"end":{"line":19,"column":5}},"3":{"start":{"line":28,"column":20},"end":{"line":28,"column":39}},"4":{"start":{"line":29,"column":24},"end":{"line":29,"column":46}},"5":{"start":{"line":31,"column":2},"end":{"line":31,"column":36}},"6":{"start":{"line":41,"column":24},"end":{"line":41,"column":45}},"7":{"start":{"line":43,"column":17},"end":{"line":43,"column":51}},"8":{"start":{"line":45,"column":2},"end":{"line":51,"column":5}},"9":{"start":{"line":61,"column":2},"end":{"line":64,"column":3}},"10":{"start":{"line":63,"column":4},"end":{"line":63,"column":16}},"11":{"start":{"line":65,"column":2},"end":{"line":65,"column":37}},"12":{"start":{"line":73,"column":2},"end":{"line":73,"column":34}}},"fnMap":{"0":{"name":"setCookie","decl":{"start":{"line":8,"column":16},"end":{"line":8,"column":25}},"loc":{"start":{"line":8,"column":43},"end":{"line":20,"column":1}},"line":8},"1":{"name":"getRemainingTime","decl":{"start":{"line":27,"column":16},"end":{"line":27,"column":32}},"loc":{"start":{"line":27,"column":38},"end":{"line":32,"column":1}},"line":27},"2":{"name":"setCookieExpiry","decl":{"start":{"line":40,"column":16},"end":{"line":40,"column":31}},"loc":{"start":{"line":40,"column":42},"end":{"line":52,"column":1}},"line":40},"3":{"name":"getCookie","decl":{"start":{"line":59,"column":16},"end":{"line":59,"column":25}},"loc":{"start":{"line":59,"column":31},"end":{"line":66,"column":1}},"line":59},"4":{"name":"deleteCookie","decl":{"start":{"line":72,"column":16},"end":{"line":72,"column":28}},"loc":{"start":{"line":72,"column":34},"end":{"line":74,"column":1}},"line":72}},"branchMap":{"0":{"loc":{"start":{"line":61,"column":2},"end":{"line":64,"column":3}},"type":"if","locations":[{"start":{"line":61,"column":2},"end":{"line":64,"column":3}},{"start":{},"end":{}}],"line":61},"1":{"loc":{"start":{"line":61,"column":6},"end":{"line":61,"column":77}},"type":"binary-expr","locations":[{"start":{"line":61,"column":6},"end":{"line":61,"column":34}},{"start":{"line":61,"column":38},"end":{"line":61,"column":77}}],"line":61}},"s":{"0":0,"1":0,"2":0,"3":1,"4":1,"5":1,"6":0,"7":0,"8":0,"9":0,"10":0,"11":0,"12":0},"f":{"0":0,"1":1,"2":0,"3":0,"4":0},"b":{"0":[0,0],"1":[0,0]},"inputSourceMap":null,"_coverageSchema":"1a1c01bbd47fc00a2c39e90264f33305004495a9","hash":"62f60d377926a5f34b623736265b99eea8dfe19b"}
}
